  Juego.cpp
c:\users\pc\documents\visual studio 2017\projects\trabajo-final_algoritmos\trabajofinal\trabajofinal\ControlEscenas.hpp(2): warning C4067: símbolos (token) inesperados después de la directiva del preprocesador; se esperaba una nueva línea
c:\users\pc\documents\visual studio 2017\projects\trabajo-final_algoritmos\trabajofinal\trabajofinal\ControlAssets.hpp(61): warning C4244: 'argumento': conversión de 'float' a 'int'; posible pérdida de datos
c:\users\pc\documents\visual studio 2017\projects\trabajo-final_algoritmos\trabajofinal\trabajofinal\ControlAssets.hpp(87): warning C4244: 'argumento': conversión de 'int' a 'float'; posible pérdida de datos
c:\users\pc\documents\visual studio 2017\projects\trabajo-final_algoritmos\trabajofinal\trabajofinal\ControlAssets.hpp(115): warning C4244: 'argumento': conversión de 'int' a 'float'; posible pérdida de datos
c:\users\pc\documents\visual studio 2017\projects\trabajo-final_algoritmos\trabajofinal\trabajofinal\ControlEntradas.hpp(12): warning C4244: '=': conversión de 'float' a 'int'; posible pérdida de datos
c:\users\pc\documents\visual studio 2017\projects\trabajo-final_algoritmos\trabajofinal\trabajofinal\ControlEntradas.hpp(13): warning C4244: '=': conversión de 'float' a 'int'; posible pérdida de datos
c:\users\pc\documents\visual studio 2017\projects\trabajo-final_algoritmos\trabajofinal\trabajofinal\ControlEntradas.hpp(14): warning C4244: '=': conversión de 'float' a 'int'; posible pérdida de datos
c:\users\pc\documents\visual studio 2017\projects\trabajo-final_algoritmos\trabajofinal\trabajofinal\ControlEntradas.hpp(15): warning C4244: '=': conversión de 'float' a 'int'; posible pérdida de datos
c:\users\pc\documents\visual studio 2017\projects\trabajo-final_algoritmos\trabajofinal\trabajofinal\ControlEntradas.hpp(18): warning C4244: '=': conversión de 'const float' a 'int'; posible pérdida de datos
c:\users\pc\documents\visual studio 2017\projects\trabajo-final_algoritmos\trabajofinal\trabajofinal\ControlEntradas.hpp(19): warning C4244: '=': conversión de 'const float' a 'int'; posible pérdida de datos
c:\users\pc\documents\visual studio 2017\projects\trabajo-final_algoritmos\trabajofinal\trabajofinal\ControlEntradas.hpp(20): warning C4244: '=': conversión de 'float' a 'int'; posible pérdida de datos
c:\users\pc\documents\visual studio 2017\projects\trabajo-final_algoritmos\trabajofinal\trabajofinal\ControlEntradas.hpp(21): warning C4244: '=': conversión de 'float' a 'int'; posible pérdida de datos
c:\users\pc\documents\visual studio 2017\projects\trabajo-final_algoritmos\trabajofinal\trabajofinal\ControlEntradas.hpp(33): warning C4244: '=': conversión de 'float' a 'int'; posible pérdida de datos
c:\users\pc\documents\visual studio 2017\projects\trabajo-final_algoritmos\trabajofinal\trabajofinal\ControlEntradas.hpp(34): warning C4244: '=': conversión de 'float' a 'int'; posible pérdida de datos
c:\users\pc\documents\visual studio 2017\projects\trabajo-final_algoritmos\trabajofinal\trabajofinal\ControlEntradas.hpp(35): warning C4244: '=': conversión de 'float' a 'int'; posible pérdida de datos
c:\users\pc\documents\visual studio 2017\projects\trabajo-final_algoritmos\trabajofinal\trabajofinal\ControlEntradas.hpp(36): warning C4244: '=': conversión de 'float' a 'int'; posible pérdida de datos
c:\users\pc\documents\visual studio 2017\projects\trabajo-final_algoritmos\trabajofinal\trabajofinal\ControlEntradas.hpp(39): warning C4244: '=': conversión de 'const float' a 'int'; posible pérdida de datos
c:\users\pc\documents\visual studio 2017\projects\trabajo-final_algoritmos\trabajofinal\trabajofinal\ControlEntradas.hpp(40): warning C4244: '=': conversión de 'const float' a 'int'; posible pérdida de datos
c:\users\pc\documents\visual studio 2017\projects\trabajo-final_algoritmos\trabajofinal\trabajofinal\ControlEntradas.hpp(41): warning C4244: '=': conversión de 'float' a 'int'; posible pérdida de datos
c:\users\pc\documents\visual studio 2017\projects\trabajo-final_algoritmos\trabajofinal\trabajofinal\ControlEntradas.hpp(42): warning C4244: '=': conversión de 'float' a 'int'; posible pérdida de datos
c:\users\pc\documents\visual studio 2017\projects\trabajo-final_algoritmos\trabajofinal\trabajofinal\NodoMapa.hpp(2): warning C4067: símbolos (token) inesperados después de la directiva del preprocesador; se esperaba una nueva línea
c:\users\pc\documents\visual studio 2017\projects\trabajo-final_algoritmos\trabajofinal\trabajofinal\Jugador.hpp(16): warning C4244: '=': conversión de 'int' a 'float'; posible pérdida de datos
c:\users\pc\documents\visual studio 2017\projects\trabajo-final_algoritmos\trabajofinal\trabajofinal\Jugador.hpp(17): warning C4244: '=': conversión de 'int' a 'float'; posible pérdida de datos
c:\users\pc\documents\visual studio 2017\projects\trabajo-final_algoritmos\trabajofinal\trabajofinal\Jugador.hpp(18): warning C4244: '=': conversión de 'double' a 'float'; posible pérdida de datos
c:\users\pc\documents\visual studio 2017\projects\trabajo-final_algoritmos\trabajofinal\trabajofinal\Jugador.hpp(37): warning C4244: 'inicializando': conversión de 'float' a 'int'; posible pérdida de datos
c:\users\pc\documents\visual studio 2017\projects\trabajo-final_algoritmos\trabajofinal\trabajofinal\Jugador.hpp(38): warning C4244: 'inicializando': conversión de 'float' a 'int'; posible pérdida de datos
c:\users\pc\documents\visual studio 2017\projects\trabajo-final_algoritmos\trabajofinal\trabajofinal\Jugador.hpp(39): warning C4244: 'return': conversión de 'double' a 'int'; posible pérdida de datos
c:\users\pc\documents\visual studio 2017\projects\trabajo-final_algoritmos\trabajofinal\trabajofinal\Jugador.hpp(69): warning C4305: 'inicializando': truncamiento de 'double' a 'float'
c:\users\pc\documents\visual studio 2017\projects\trabajo-final_algoritmos\trabajofinal\trabajofinal\Jugador.hpp(133): warning C4244: '=': conversión de 'int' a 'float'; posible pérdida de datos
c:\users\pc\documents\visual studio 2017\projects\trabajo-final_algoritmos\trabajofinal\trabajofinal\Jugador.hpp(134): warning C4244: '=': conversión de 'int' a 'float'; posible pérdida de datos
c:\users\pc\documents\visual studio 2017\projects\trabajo-final_algoritmos\trabajofinal\trabajofinal\Jugador.hpp(147): warning C4244: '=': conversión de 'double' a 'int'; posible pérdida de datos
c:\users\pc\documents\visual studio 2017\projects\trabajo-final_algoritmos\trabajofinal\trabajofinal\Jugador.hpp(150): warning C4244: '+=': conversión de 'float' a 'int'; posible pérdida de datos
c:\users\pc\documents\visual studio 2017\projects\trabajo-final_algoritmos\trabajofinal\trabajofinal\Jugador.hpp(153): warning C4244: '+=': conversión de 'float' a 'int'; posible pérdida de datos
c:\users\pc\documents\visual studio 2017\projects\trabajo-final_algoritmos\trabajofinal\trabajofinal\Jugador.hpp(216): warning C4244: 'argumento': conversión de 'float' a 'int'; posible pérdida de datos
c:\users\pc\documents\visual studio 2017\projects\trabajo-final_algoritmos\trabajofinal\trabajofinal\Jugador.hpp(267): warning C4244: 'argumento': conversión de 'int' a 'float'; posible pérdida de datos
c:\users\pc\documents\visual studio 2017\projects\trabajo-final_algoritmos\trabajofinal\trabajofinal\Enemigo.hpp(14): warning C4244: '=': conversión de 'double' a 'int'; posible pérdida de datos
c:\users\pc\documents\visual studio 2017\projects\trabajo-final_algoritmos\trabajofinal\trabajofinal\Enemigo.hpp(17): warning C4244: 'inicializando': conversión de 'float' a 'int'; posible pérdida de datos
c:\users\pc\documents\visual studio 2017\projects\trabajo-final_algoritmos\trabajofinal\trabajofinal\Enemigo.hpp(18): warning C4244: 'inicializando': conversión de 'float' a 'int'; posible pérdida de datos
c:\users\pc\documents\visual studio 2017\projects\trabajo-final_algoritmos\trabajofinal\trabajofinal\Enemigo.hpp(19): warning C4244: 'inicializando': conversión de 'double' a 'float'; posible pérdida de datos
c:\users\pc\documents\visual studio 2017\projects\trabajo-final_algoritmos\trabajofinal\trabajofinal\Enemigo.hpp(20): warning C4244: '=': conversión de 'double' a 'float'; posible pérdida de datos
c:\users\pc\documents\visual studio 2017\projects\trabajo-final_algoritmos\trabajofinal\trabajofinal\CtrlEnemigos.hpp(60): warning C4244: '=': conversión de 'int' a 'float'; posible pérdida de datos
c:\users\pc\documents\visual studio 2017\projects\trabajo-final_algoritmos\trabajofinal\trabajofinal\CtrlEnemigos.hpp(61): warning C4244: '=': conversión de 'int' a 'float'; posible pérdida de datos
c:\users\pc\documents\visual studio 2017\projects\trabajo-final_algoritmos\trabajofinal\trabajofinal\CtrlEnemigos.hpp(76): warning C4244: 'inicializando': conversión de 'int' a 'float'; posible pérdida de datos
c:\users\pc\documents\visual studio 2017\projects\trabajo-final_algoritmos\trabajofinal\trabajofinal\CtrlEnemigos.hpp(89): warning C4244: '=': conversión de 'int' a 'float'; posible pérdida de datos
c:\users\pc\documents\visual studio 2017\projects\trabajo-final_algoritmos\trabajofinal\trabajofinal\CtrlEnemigos.hpp(102): warning C4244: 'argumento': conversión de 'float' a 'int'; posible pérdida de datos
c:\users\pc\documents\visual studio 2017\projects\trabajo-final_algoritmos\trabajofinal\trabajofinal\TrozoMapa.hpp(24): warning C4244: 'inicializando': conversión de 'float' a 'int'; posible pérdida de datos
c:\users\pc\documents\visual studio 2017\projects\trabajo-final_algoritmos\trabajofinal\trabajofinal\TrozoMapa.hpp(25): warning C4244: 'inicializando': conversión de 'float' a 'int'; posible pérdida de datos
c:\users\pc\documents\visual studio 2017\projects\trabajo-final_algoritmos\trabajofinal\trabajofinal\TrozoMapa.hpp(80): warning C4305: 'inicializando': truncamiento de 'double' a 'float'
c:\users\pc\documents\visual studio 2017\projects\trabajo-final_algoritmos\trabajofinal\trabajofinal\TrozoMapa.hpp(81): warning C4305: 'inicializando': truncamiento de 'double' a 'float'
c:\users\pc\documents\visual studio 2017\projects\trabajo-final_algoritmos\trabajofinal\trabajofinal\TrozoMapa.hpp(86): warning C4244: 'inicializando': conversión de 'double' a 'int'; posible pérdida de datos
c:\users\pc\documents\visual studio 2017\projects\trabajo-final_algoritmos\trabajofinal\trabajofinal\TrozoMapa.hpp(113): warning C4244: 'argumento': conversión de 'int' a 'float'; posible pérdida de datos
c:\users\pc\documents\visual studio 2017\projects\trabajo-final_algoritmos\trabajofinal\trabajofinal\TrozoMapa.hpp(129): warning C4244: 'argumento': conversión de 'int' a 'float'; posible pérdida de datos
c:\users\pc\documents\visual studio 2017\projects\trabajo-final_algoritmos\trabajofinal\trabajofinal\TrozoMapa.hpp(145): warning C4244: 'argumento': conversión de 'int' a 'float'; posible pérdida de datos
c:\users\pc\documents\visual studio 2017\projects\trabajo-final_algoritmos\trabajofinal\trabajofinal\TrozoMapa.hpp(162): warning C4244: 'argumento': conversión de 'int' a 'float'; posible pérdida de datos
c:\users\pc\documents\visual studio 2017\projects\trabajo-final_algoritmos\trabajofinal\trabajofinal\TrozoMapa.hpp(189): warning C4244: 'argumento': conversión de 'int' a 'float'; posible pérdida de datos
c:\users\pc\documents\visual studio 2017\projects\trabajo-final_algoritmos\trabajofinal\trabajofinal\TrozoMapa.hpp(217): warning C4244: 'argumento': conversión de 'int' a 'float'; posible pérdida de datos
c:\users\pc\documents\visual studio 2017\projects\trabajo-final_algoritmos\trabajofinal\trabajofinal\TrozoMapa.hpp(221): warning C4244: 'argumento': conversión de 'int' a 'float'; posible pérdida de datos
c:\users\pc\documents\visual studio 2017\projects\trabajo-final_algoritmos\trabajofinal\trabajofinal\TrozoMapa.hpp(222): warning C4244: 'argumento': conversión de 'int' a 'float'; posible pérdida de datos
c:\users\pc\documents\visual studio 2017\projects\trabajo-final_algoritmos\trabajofinal\trabajofinal\TrozoMapa.hpp(234): warning C4244: 'inicializando': conversión de 'int' a 'float'; posible pérdida de datos
c:\users\pc\documents\visual studio 2017\projects\trabajo-final_algoritmos\trabajofinal\trabajofinal\TrozoMapa.hpp(267): warning C4244: 'inicializando': conversión de 'int' a 'float'; posible pérdida de datos
c:\users\pc\documents\visual studio 2017\projects\trabajo-final_algoritmos\trabajofinal\trabajofinal\TrozoMapa.hpp(292): warning C4244: 'inicializando': conversión de 'double' a 'int'; posible pérdida de datos
c:\users\pc\documents\visual studio 2017\projects\trabajo-final_algoritmos\trabajofinal\trabajofinal\TrozoMapa.hpp(293): warning C4244: 'inicializando': conversión de 'double' a 'int'; posible pérdida de datos
c:\users\pc\documents\visual studio 2017\projects\trabajo-final_algoritmos\trabajofinal\trabajofinal\TrozoMapa.hpp(294): warning C4244: 'argumento': conversión de 'float' a 'int'; posible pérdida de datos
c:\users\pc\documents\visual studio 2017\projects\trabajo-final_algoritmos\trabajofinal\trabajofinal\TrozoMapa.hpp(302): warning C4244: 'inicializando': conversión de 'double' a 'int'; posible pérdida de datos
c:\users\pc\documents\visual studio 2017\projects\trabajo-final_algoritmos\trabajofinal\trabajofinal\TrozoMapa.hpp(303): warning C4244: 'inicializando': conversión de 'double' a 'int'; posible pérdida de datos
c:\users\pc\documents\visual studio 2017\projects\trabajo-final_algoritmos\trabajofinal\trabajofinal\TrozoMapa.hpp(304): warning C4244: 'argumento': conversión de 'float' a 'int'; posible pérdida de datos
c:\users\pc\documents\visual studio 2017\projects\trabajo-final_algoritmos\trabajofinal\trabajofinal\TrozoMapa.hpp(322): warning C4244: 'inicializando': conversión de 'float' a 'int'; posible pérdida de datos
c:\users\pc\documents\visual studio 2017\projects\trabajo-final_algoritmos\trabajofinal\trabajofinal\TrozoMapa.hpp(323): warning C4244: 'inicializando': conversión de 'float' a 'int'; posible pérdida de datos
c:\users\pc\documents\visual studio 2017\projects\trabajo-final_algoritmos\trabajofinal\trabajofinal\NodoMapa.hpp(3): warning C4067: símbolos (token) inesperados después de la directiva del preprocesador; se esperaba una nueva línea
c:\users\pc\documents\visual studio 2017\projects\trabajo-final_algoritmos\trabajofinal\trabajofinal\Mapa.hpp(3): warning C4067: símbolos (token) inesperados después de la directiva del preprocesador; se esperaba una nueva línea
c:\users\pc\documents\visual studio 2017\projects\trabajo-final_algoritmos\trabajofinal\trabajofinal\Mundo.hpp(6): warning C4067: símbolos (token) inesperados después de la directiva del preprocesador; se esperaba una nueva línea
c:\users\pc\documents\visual studio 2017\projects\trabajo-final_algoritmos\trabajofinal\trabajofinal\EscenaPausa.hpp(2): warning C4067: símbolos (token) inesperados después de la directiva del preprocesador; se esperaba una nueva línea
c:\users\pc\documents\visual studio 2017\projects\trabajo-final_algoritmos\trabajofinal\trabajofinal\EscenaPausa.hpp(41): warning C4244: 'argumento': conversión de 'float' a 'int'; posible pérdida de datos
c:\users\pc\documents\visual studio 2017\projects\trabajo-final_algoritmos\trabajofinal\trabajofinal\EscenaPausa.hpp(42): warning C4244: 'argumento': conversión de 'float' a 'int'; posible pérdida de datos
c:\users\pc\documents\visual studio 2017\projects\trabajo-final_algoritmos\trabajofinal\trabajofinal\EscenaPausa.hpp(43): warning C4244: 'argumento': conversión de 'float' a 'int'; posible pérdida de datos
c:\users\pc\documents\visual studio 2017\projects\trabajo-final_algoritmos\trabajofinal\trabajofinal\EscenaPausa.hpp(44): warning C4244: 'argumento': conversión de 'float' a 'int'; posible pérdida de datos
c:\users\pc\documents\visual studio 2017\projects\trabajo-final_algoritmos\trabajofinal\trabajofinal\EscenaPausa.hpp(47): warning C4244: 'argumento': conversión de 'int' a 'float'; posible pérdida de datos
c:\users\pc\documents\visual studio 2017\projects\trabajo-final_algoritmos\trabajofinal\trabajofinal\EscenaPausa.hpp(48): warning C4244: 'argumento': conversión de 'int' a 'float'; posible pérdida de datos
c:\users\pc\documents\visual studio 2017\projects\trabajo-final_algoritmos\trabajofinal\trabajofinal\EscenaPausa.hpp(49): warning C4244: 'argumento': conversión de 'int' a 'float'; posible pérdida de datos
c:\users\pc\documents\visual studio 2017\projects\trabajo-final_algoritmos\trabajofinal\trabajofinal\EscenaPausa.hpp(50): warning C4244: 'argumento': conversión de 'int' a 'float'; posible pérdida de datos
c:\users\pc\documents\visual studio 2017\projects\trabajo-final_algoritmos\trabajofinal\trabajofinal\EscenaPerdiste.hpp(25): warning C4244: 'argumento': conversión de 'int' a 'float'; posible pérdida de datos
c:\users\pc\documents\visual studio 2017\projects\trabajo-final_algoritmos\trabajofinal\trabajofinal\EscenaPerdiste.hpp(31): warning C4244: 'argumento': conversión de 'int' a 'float'; posible pérdida de datos
c:\users\pc\documents\visual studio 2017\projects\trabajo-final_algoritmos\trabajofinal\trabajofinal\Mundo.hpp(7): warning C4067: símbolos (token) inesperados después de la directiva del preprocesador; se esperaba una nueva línea
c:\users\pc\documents\visual studio 2017\projects\trabajo-final_algoritmos\trabajofinal\trabajofinal\Mundo.hpp(67): warning C4244: 'argumento': conversión de 'int' a 'float'; posible pérdida de datos
c:\users\pc\documents\visual studio 2017\projects\trabajo-final_algoritmos\trabajofinal\trabajofinal\Mundo.hpp(104): warning C4244: '=': conversión de 'int' a 'float'; posible pérdida de datos
c:\users\pc\documents\visual studio 2017\projects\trabajo-final_algoritmos\trabajofinal\trabajofinal\Mundo.hpp(105): warning C4244: '=': conversión de 'int' a 'float'; posible pérdida de datos
c:\users\pc\documents\visual studio 2017\projects\trabajo-final_algoritmos\trabajofinal\trabajofinal\EscenaJuego.hpp(30): warning C4244: 'argumento': conversión de 'int' a 'float'; posible pérdida de datos
c:\users\pc\documents\visual studio 2017\projects\trabajo-final_algoritmos\trabajofinal\trabajofinal\EscenaMenu.hpp(29): warning C4244: 'argumento': conversión de 'int' a 'float'; posible pérdida de datos
c:\users\pc\documents\visual studio 2017\projects\trabajo-final_algoritmos\trabajofinal\trabajofinal\EscenaMenu.hpp(34): warning C4244: 'argumento': conversión de 'int' a 'float'; posible pérdida de datos
c:\users\pc\documents\visual studio 2017\projects\trabajo-final_algoritmos\trabajofinal\trabajofinal\EscenaMenu.hpp(40): warning C4244: 'argumento': conversión de 'int' a 'float'; posible pérdida de datos
Juego.cpp(19): warning C4305: 'argumento': truncamiento de 'double' a 'float'
Juego.cpp(20): warning C4305: 'argumento': truncamiento de 'double' a 'float'
  Generando código
c:\users\pc\documents\visual studio 2017\projects\trabajo-final_algoritmos\trabajofinal\trabajofinal\controlescenas.hpp(77): warning C4715: 'ControlEscenas::getGameScene': no todas las rutas de acceso de control devuelven un valor
c:\users\pc\documents\visual studio 2017\projects\trabajo-final_algoritmos\trabajofinal\trabajofinal\controlescenas.hpp(69): warning C4715: 'ControlEscenas::getActiveScene': no todas las rutas de acceso de control devuelven un valor
  All 856 functions were compiled because no usable IPDB/IOBJ from previous compilation was found.
  Generación de código finalizada
  trabajoFinal.vcxproj -> C:\Users\PC\Documents\Visual Studio 2017\Projects\TRABAJO-FINAL_ALGORITMOS\trabajoFinal\Release\trabajoFinal.exe
